<?xml version="1.0" encoding="UTF-8"?>
<!-- Generated by org.testng.reporters.JUnitReportReporter -->
<testsuite hostname="Ammu" failures="0" tests="1" name="Reportingtools.Log4j" time="0.092" errors="0" timestamp="2023-06-27T10:50:24 IST" skipped="0">
  <testcase classname="Reportingtools.Log4j" name="test2" time="0.092"/>
</testsuite> <!-- Reportingtools.Log4j -->
