<?xml version="1.0" encoding="UTF-8"?>
<!-- Generated by org.testng.reporters.JUnitReportReporter -->
<testsuite hostname="Ammu" failures="0" tests="1" name="Reportingtools.Extentreport" time="0.598" errors="0" timestamp="2023-06-27T10:43:49 IST" skipped="0">
  <testcase classname="Reportingtools.Extentreport" name="test1" time="0.598"/>
</testsuite> <!-- Reportingtools.Extentreport -->
